C:\GEOMETRICTOOLS\WILDMAGIC5\SAMPLEGRAPHICS\PARTICLESYSTEMS\_OUTPUT\V100\WIN32\WGLDEBUG\BLOODCELLCONTROLLER.OBJ
C:\GEOMETRICTOOLS\WILDMAGIC5\SAMPLEGRAPHICS\PARTICLESYSTEMS\_OUTPUT\V100\WIN32\WGLDEBUG\PARTICLESYSTEMS.OBJ
C:\GEOMETRICTOOLS\WILDMAGIC5\SAMPLEGRAPHICS\PARTICLESYSTEMS\_OUTPUT\V100\WIN32\WGLDEBUG\PARTICLESYSTEMS.PDB
C:\GEOMETRICTOOLS\WILDMAGIC5\SAMPLEGRAPHICS\PARTICLESYSTEMS\_OUTPUT\V100\WIN32\WGLDEBUG\PARTICLESYSTEMS.EXE.EMBED.MANIFEST.RES
C:\GeometricTools\WildMagic5\SampleGraphics\ParticleSystems\_Output\v100\Win32\WglDebug\ParticleSystemsWgl_VC100.vcxprojResolveAssemblyReference.cache
C:\GeometricTools\WildMagic5\SampleGraphics\ParticleSystems\_Output\v100\Win32\WglDebug\BloodCellController.obj
C:\GeometricTools\WildMagic5\SampleGraphics\ParticleSystems\_Output\v100\Win32\WglDebug\ParticleSystems.obj
C:\GeometricTools\WildMagic5\SampleGraphics\ParticleSystems\_Output\v100\Win32\WglDebug\cl.command.1.tlog
C:\GeometricTools\WildMagic5\SampleGraphics\ParticleSystems\_Output\v100\Win32\WglDebug\CL.read.1.tlog
C:\GeometricTools\WildMagic5\SampleGraphics\ParticleSystems\_Output\v100\Win32\WglDebug\CL.write.1.tlog
C:\GeometricTools\WildMagic5\SampleGraphics\ParticleSystems\_Output\v100\Win32\WglDebug\link.command.1.tlog
C:\GeometricTools\WildMagic5\SampleGraphics\ParticleSystems\_Output\v100\Win32\WglDebug\link.read.1.tlog
C:\GeometricTools\WildMagic5\SampleGraphics\ParticleSystems\_Output\v100\Win32\WglDebug\link.write.1.tlog
C:\GeometricTools\WildMagic5\SampleGraphics\ParticleSystems\_Output\v100\Win32\WglDebug\ParticleSystems.write.1.tlog
C:\GeometricTools\WildMagic5\SampleGraphics\ParticleSystems\_Output\v100\Win32\WglDebug\rc.command.1.tlog
C:\GeometricTools\WildMagic5\SampleGraphics\ParticleSystems\_Output\v100\Win32\WglDebug\rc.read.1.tlog
C:\GeometricTools\WildMagic5\SampleGraphics\ParticleSystems\_Output\v100\Win32\WglDebug\rc.write.1.tlog
C:\GeometricTools\WildMagic5\SampleGraphics\ParticleSystems\_Output\v100\Win32\WglDebug\ParticleSystems.exe.embed.manifest
C:\GeometricTools\WildMagic5\SampleGraphics\ParticleSystems\_Output\v100\Win32\WglDebug\ParticleSystems.exe.embed.manifest.res
C:\GeometricTools\WildMagic5\SampleGraphics\ParticleSystems\_Output\v100\Win32\WglDebug\ParticleSystems.idb
C:\GeometricTools\WildMagic5\SampleGraphics\ParticleSystems\_Output\v100\Win32\WglDebug\particlesystems.pdb
C:\GeometricTools\WildMagic5\SampleGraphics\ParticleSystems\_Output\v100\Win32\WglDebug\ParticleSystems_manifest.rc
